<?xml version="1.0" encoding="UTF-8"?>
<!-- Generated by org.testng.reporters.JUnitReportReporter -->
<testsuite hostname="LAPTOP-4LPLMBEP" failures="0" tests="6" name="com.project.test.EmiCalculator" time="19.686" errors="0" timestamp="2020-08-25T12:56:19 IST" skipped="0">
  <testcase classname="com.project.test.EmiCalculator" name="Homepage" time="6.004"/>
  <system-out/>
  <testcase classname="com.project.test.EmiCalculator" name="CarloanPage" time="0.225"/>
  <system-out/>
  <testcase classname="com.project.test.EmiCalculator" name="ClearPreSetData" time="1.079"/>
  <system-out/>
  <testcase classname="com.project.test.EmiCalculator" name="DataInput" time="4.523"/>
  <system-out/>
  <testcase classname="com.project.test.EmiCalculator" name="Scroll" time="3.044"/>
  <system-out/>
  <testcase classname="com.project.test.EmiCalculator" name="FetchEmiValues" time="4.811"/>
  <system-out/>
</testsuite> <!-- com.project.test.EmiCalculator -->
